<?xml version="1.0" encoding="UTF-8" ?>
<testsuite errors="0" failures="0" hostname="NikitaBakhtar" name="DebtCollect.DebtPaybackCalTest" skipped="0" tests="2" time="0.117" timestamp="2024-01-19T02:18:35">
  <properties>
[...]
</properties>
  <testcase classname="DebtCollect.DebtPaybackCalTest" name="testOverallDebt" time="0.016" />
  <testcase classname="DebtCollect.DebtPaybackCalTest" name="testMonthlyRate" time="0.0" />
  <system-out><![CDATA[
Loan Details:10000.05.012

Loan Details:10000.05.012
]]></system-out>
  <system-err><![CDATA[]]></system-err>
</testsuite>
